Determining if the pthread_create exist failed with the following output:
Change Dir: /home/beauty/beauty_ws/build/CMakeFiles/CMakeTmp

Run Build Command:/usr/bin/make "cmTryCompileExec1809843068/fast"
/usr/bin/make -f CMakeFiles/cmTryCompileExec1809843068.dir/build.make CMakeFiles/cmTryCompileExec1809843068.dir/build
make[1]: 正在进入目录 `/home/beauty/beauty_ws/build/CMakeFiles/CMakeTmp'
/usr/bin/cmake -E cmake_progress_report /home/beauty/beauty_ws/build/CMakeFiles/CMakeTmp/CMakeFiles 1
Building C object CMakeFiles/cmTryCompileExec1809843068.dir/CheckSymbolExists.c.o
/usr/bin/cc    -o CMakeFiles/cmTryCompileExec1809843068.dir/CheckSymbolExists.c.o   -c /home/beauty/beauty_ws/build/CMakeFiles/CMakeTmp/CheckSymbolExists.c
Linking C executable cmTryCompileExec1809843068
/usr/bin/cmake -E cmake_link_script CMakeFiles/cmTryCompileExec1809843068.dir/link.txt --verbose=1
/usr/bin/cc       CMakeFiles/cmTryCompileExec1809843068.dir/CheckSymbolExists.c.o  -o cmTryCompileExec1809843068 -rdynamic 
CMakeFiles/cmTryCompileExec1809843068.dir/CheckSymbolExists.c.o：在函数‘main’中：
CheckSymbolExists.c:(.text+0x16)：对‘pthread_create’未定义的引用
collect2: error: ld returned 1 exit status
make[1]: *** [cmTryCompileExec1809843068] 错误 1
make[1]:正在离开目录 `/home/beauty/beauty_ws/build/CMakeFiles/CMakeTmp'
make: *** [cmTryCompileExec1809843068/fast] 错误 2

File /home/beauty/beauty_ws/build/CMakeFiles/CMakeTmp/CheckSymbolExists.c:
/* */
#include <pthread.h>

int main(int argc, char** argv)
{
  (void)argv;
#ifndef pthread_create
  return ((int*)(&pthread_create))[argc];
#else
  (void)argc;
  return 0;
#endif
}

Determining if the function pthread_create exists in the pthreads failed with the following output:
Change Dir: /home/beauty/beauty_ws/build/CMakeFiles/CMakeTmp

Run Build Command:/usr/bin/make "cmTryCompileExec4260199398/fast"
/usr/bin/make -f CMakeFiles/cmTryCompileExec4260199398.dir/build.make CMakeFiles/cmTryCompileExec4260199398.dir/build
make[1]: 正在进入目录 `/home/beauty/beauty_ws/build/CMakeFiles/CMakeTmp'
/usr/bin/cmake -E cmake_progress_report /home/beauty/beauty_ws/build/CMakeFiles/CMakeTmp/CMakeFiles 1
Building C object CMakeFiles/cmTryCompileExec4260199398.dir/CheckFunctionExists.c.o
/usr/bin/cc   -DCHECK_FUNCTION_EXISTS=pthread_create   -o CMakeFiles/cmTryCompileExec4260199398.dir/CheckFunctionExists.c.o   -c /usr/share/cmake-2.8/Modules/CheckFunctionExists.c
Linking C executable cmTryCompileExec4260199398
/usr/bin/cmake -E cmake_link_script CMakeFiles/cmTryCompileExec4260199398.dir/link.txt --verbose=1
/usr/bin/cc   -DCHECK_FUNCTION_EXISTS=pthread_create    CMakeFiles/cmTryCompileExec4260199398.dir/CheckFunctionExists.c.o  -o cmTryCompileExec4260199398 -rdynamic -lpthreads 
/usr/bin/ld: cannot find -lpthreads
collect2: error: ld returned 1 exit status
make[1]: *** [cmTryCompileExec4260199398] 错误 1
make[1]:正在离开目录 `/home/beauty/beauty_ws/build/CMakeFiles/CMakeTmp'
make: *** [cmTryCompileExec4260199398/fast] 错误 2


Determining if the include file pgm.h exists failed with the following output:
Change Dir: /home/beauty/beauty_ws/build/CMakeFiles/CMakeTmp

Run Build Command:/usr/bin/make "cmTryCompileExec1750641727/fast"
/usr/bin/make -f CMakeFiles/cmTryCompileExec1750641727.dir/build.make CMakeFiles/cmTryCompileExec1750641727.dir/build
make[1]: 正在进入目录 `/home/beauty/beauty_ws/build/CMakeFiles/CMakeTmp'
/usr/bin/cmake -E cmake_progress_report /home/beauty/beauty_ws/build/CMakeFiles/CMakeTmp/CMakeFiles 1
Building CXX object CMakeFiles/cmTryCompileExec1750641727.dir/CheckIncludeFile.cxx.o
/usr/bin/c++    -Wno-deprecated    -o CMakeFiles/cmTryCompileExec1750641727.dir/CheckIncludeFile.cxx.o -c /home/beauty/beauty_ws/build/CMakeFiles/CMakeTmp/CheckIncludeFile.cxx
/home/beauty/beauty_ws/build/CMakeFiles/CMakeTmp/CheckIncludeFile.cxx:1:17: fatal error: pgm.h: 没有那个文件或目录
 #include <pgm.h>
                 ^
compilation terminated.
make[1]: *** [CMakeFiles/cmTryCompileExec1750641727.dir/CheckIncludeFile.cxx.o] 错误 1
make[1]:正在离开目录 `/home/beauty/beauty_ws/build/CMakeFiles/CMakeTmp'
make: *** [cmTryCompileExec1750641727/fast] 错误 2


